  circularLL.cpp
D:\0. HCMUS\KTLT\Visualize\Visualize\circularLL.cpp(101,12): warning C4244: 'argument': conversion from 'time_t' to 'unsigned int', possible loss of data
D:\0. HCMUS\KTLT\Visualize\Visualize\circularLL.cpp(128,19): warning C4267: '=': conversion from 'size_t' to 'int', possible loss of data
D:\0. HCMUS\KTLT\Visualize\Visualize\circularLL.cpp(154,22): warning C4267: '=': conversion from 'size_t' to 'int', possible loss of data
D:\0. HCMUS\KTLT\Visualize\Visualize\Arrow.h(19,28): warning C4244: 'argument': conversion from 'float' to 'int', possible loss of data
D:\0. HCMUS\KTLT\Visualize\Visualize\circularLL.cpp(312,57): message : see reference to function template instantiation 'void Arrow::create<_Ty,_Ty>(Obj1,Obj2)' being compiled
          with
          [
              _Ty=LinkedListNode,
              Obj1=LinkedListNode,
              Obj2=LinkedListNode
          ]
  custom.cpp
  doublyLL.cpp
D:\0. HCMUS\KTLT\Visualize\Visualize\doublyLL.cpp(108,12): warning C4244: 'argument': conversion from 'time_t' to 'unsigned int', possible loss of data
D:\0. HCMUS\KTLT\Visualize\Visualize\doublyLL.cpp(135,19): warning C4267: '=': conversion from 'size_t' to 'int', possible loss of data
D:\0. HCMUS\KTLT\Visualize\Visualize\doublyLL.cpp(168,22): warning C4267: '=': conversion from 'size_t' to 'int', possible loss of data
D:\0. HCMUS\KTLT\Visualize\Visualize\Arrow.h(19,28): warning C4244: 'argument': conversion from 'float' to 'int', possible loss of data
D:\0. HCMUS\KTLT\Visualize\Visualize\doublyLL.cpp(318,57): message : see reference to function template instantiation 'void Arrow::create<_Ty,_Ty>(Obj1,Obj2)' being compiled
          with
          [
              _Ty=LinkedListNode,
              Obj1=LinkedListNode,
              Obj2=LinkedListNode
          ]
  dynaArray.cpp
D:\0. HCMUS\KTLT\Visualize\Visualize\dynaArray.cpp(42,10): warning C4244: 'initializing': conversion from 'int' to 'float', possible loss of data
D:\0. HCMUS\KTLT\Visualize\Visualize\dynaArray.cpp(101,12): warning C4244: 'argument': conversion from 'time_t' to 'unsigned int', possible loss of data
D:\0. HCMUS\KTLT\Visualize\Visualize\dynaArray.cpp(128,19): warning C4267: '=': conversion from 'size_t' to 'int', possible loss of data
D:\0. HCMUS\KTLT\Visualize\Visualize\dynaArray.cpp(154,22): warning C4267: '=': conversion from 'size_t' to 'int', possible loss of data
D:\0. HCMUS\KTLT\Visualize\Visualize\dynaArray.cpp(173,10): warning C4244: 'initializing': conversion from 'int' to 'float', possible loss of data
D:\0. HCMUS\KTLT\Visualize\Visualize\dynaArray.cpp(236,10): warning C4244: 'initializing': conversion from 'int' to 'float', possible loss of data
D:\0. HCMUS\KTLT\Visualize\Visualize\dynaArray.cpp(253,10): warning C4244: 'initializing': conversion from 'int' to 'float', possible loss of data
D:\0. HCMUS\KTLT\Visualize\Visualize\dynaArray.cpp(366,10): warning C4244: 'initializing': conversion from 'int' to 'float', possible loss of data
D:\0. HCMUS\KTLT\Visualize\Visualize\dynaArray.cpp(458,10): warning C4244: 'initializing': conversion from 'int' to 'float', possible loss of data
  home.cpp
  linkedList.cpp
D:\0. HCMUS\KTLT\Visualize\Visualize\linkedList.cpp(107,12): warning C4244: 'argument': conversion from 'time_t' to 'unsigned int', possible loss of data
D:\0. HCMUS\KTLT\Visualize\Visualize\linkedList.cpp(133,19): warning C4267: '=': conversion from 'size_t' to 'int', possible loss of data
D:\0. HCMUS\KTLT\Visualize\Visualize\linkedList.cpp(162,22): warning C4267: '=': conversion from 'size_t' to 'int', possible loss of data
D:\0. HCMUS\KTLT\Visualize\Visualize\Arrow.h(19,28): warning C4244: 'argument': conversion from 'float' to 'int', possible loss of data
D:\0. HCMUS\KTLT\Visualize\Visualize\linkedList.cpp(299,57): message : see reference to function template instantiation 'void Arrow::create<_Ty,_Ty>(Obj1,Obj2)' being compiled
          with
          [
              _Ty=LinkedListNode,
              Obj1=LinkedListNode,
              Obj2=LinkedListNode
          ]
  main.cpp
D:\0. HCMUS\KTLT\Visualize\Visualize\main.cpp(6,31): warning C4244: '=': conversion from 'double' to 'unsigned int', possible loss of data
  queue.cpp
D:\0. HCMUS\KTLT\Visualize\Visualize\queue.cpp(109,12): warning C4244: 'argument': conversion from 'time_t' to 'unsigned int', possible loss of data
D:\0. HCMUS\KTLT\Visualize\Visualize\queue.cpp(143,19): warning C4267: '=': conversion from 'size_t' to 'int', possible loss of data
D:\0. HCMUS\KTLT\Visualize\Visualize\queue.cpp(169,22): warning C4267: '=': conversion from 'size_t' to 'int', possible loss of data
D:\0. HCMUS\KTLT\Visualize\Visualize\Arrow.h(19,28): warning C4244: 'argument': conversion from 'float' to 'int', possible loss of data
D:\0. HCMUS\KTLT\Visualize\Visualize\queue.cpp(201,68): message : see reference to function template instantiation 'void Arrow::create<_Ty,_Ty>(Obj1,Obj2)' being compiled
          with
          [
              _Ty=LinkedListNode,
              Obj1=LinkedListNode,
              Obj2=LinkedListNode
          ]
  stack.cpp
D:\0. HCMUS\KTLT\Visualize\Visualize\stack.cpp(107,12): warning C4244: 'argument': conversion from 'time_t' to 'unsigned int', possible loss of data
D:\0. HCMUS\KTLT\Visualize\Visualize\stack.cpp(141,19): warning C4267: '=': conversion from 'size_t' to 'int', possible loss of data
D:\0. HCMUS\KTLT\Visualize\Visualize\stack.cpp(167,22): warning C4267: '=': conversion from 'size_t' to 'int', possible loss of data
D:\0. HCMUS\KTLT\Visualize\Visualize\Arrow.h(19,28): warning C4244: 'argument': conversion from 'float' to 'int', possible loss of data
D:\0. HCMUS\KTLT\Visualize\Visualize\stack.cpp(206,56): message : see reference to function template instantiation 'void Arrow::create<_Ty,_Ty>(Obj1,Obj2)' being compiled
          with
          [
              _Ty=LinkedListNode,
              Obj1=LinkedListNode,
              Obj2=LinkedListNode
          ]
  staticArray.cpp
D:\0. HCMUS\KTLT\Visualize\Visualize\staticArray.cpp(40,10): warning C4244: 'initializing': conversion from 'int' to 'float', possible loss of data
D:\0. HCMUS\KTLT\Visualize\Visualize\staticArray.cpp(98,12): warning C4244: 'argument': conversion from 'time_t' to 'unsigned int', possible loss of data
D:\0. HCMUS\KTLT\Visualize\Visualize\staticArray.cpp(126,19): warning C4267: '=': conversion from 'size_t' to 'int', possible loss of data
D:\0. HCMUS\KTLT\Visualize\Visualize\staticArray.cpp(153,22): warning C4267: '=': conversion from 'size_t' to 'int', possible loss of data
D:\0. HCMUS\KTLT\Visualize\Visualize\staticArray.cpp(172,10): warning C4244: 'initializing': conversion from 'int' to 'float', possible loss of data
D:\0. HCMUS\KTLT\Visualize\Visualize\staticArray.cpp(245,10): warning C4244: 'initializing': conversion from 'int' to 'float', possible loss of data
D:\0. HCMUS\KTLT\Visualize\Visualize\staticArray.cpp(344,10): warning C4244: 'initializing': conversion from 'int' to 'float', possible loss of data
D:\0. HCMUS\KTLT\Visualize\Visualize\staticArray.cpp(435,10): warning C4244: 'initializing': conversion from 'int' to 'float', possible loss of data
  Generating code
  0 of 1035 functions ( 0.0%) were compiled, the rest were copied from previous compilation.
    0 functions were new in current compilation
    0 functions had inline decision re-evaluated but remain unchanged
  Finished generating code
  Visualize.vcxproj -> D:\0. HCMUS\KTLT\Visualize\x64\Release\Visualize.exe
